<?xml version="1.0" encoding="UTF-8"?>
<!-- Generated by org.testng.reporters.JUnitReportReporter -->
<testsuite hostname="pavel-lin" failures="0" tests="2" name="com.demoqa.LoginTest" time="5.956" errors="0" timestamp="2021-12-31T02:05:19 MSK" skipped="0">
  <testcase classname="com.demoqa.LoginTest" name="bookStoreTest" time="4.536"/>
  <system-out/>
  <testcase classname="com.demoqa.LoginTest" name="profileTest" time="1.420"/>
  <system-out/>
</testsuite> <!-- com.demoqa.LoginTest -->
